#
# There is insufficient memory for the Java Runtime Environment to continue.
# Native memory allocation (malloc) failed to allocate 328592 bytes for Chunk::new
# Possible reasons:
#   The system is out of physical RAM or swap space
#   In 32 bit mode, the process size limit was hit
# Possible solutions:
#   Reduce memory load on the system
#   Increase physical memory or swap space
#   Check if swap backing store is full
#   Use 64 bit Java on a 64 bit OS
#   Decrease Java heap size (-Xmx/-Xms)
#   Decrease number of Java threads
#   Decrease Java thread stack sizes (-Xss)
#   Set larger code cache with -XX:ReservedCodeCacheSize=
# This output file may be truncated or incomplete.
#
#  Out of Memory Error (allocation.cpp:390), pid=2528, tid=9500
#
# JRE version: Java(TM) SE Runtime Environment (8.0_40-b25) (build 1.8.0_40-b25)
# Java VM: Java HotSpot(TM) 64-Bit Server VM (25.40-b25 mixed mode windows-amd64 compressed oops)
# Failed to write core dump. Minidumps are not enabled by default on client versions of Windows
#

---------------  T H R E A D  ---------------

Current thread (0x0000000015710000):  JavaThread "C2 CompilerThread1" daemon [_thread_in_native, id=9500, stack(0x0000000016d70000,0x0000000016e70000)]

Stack: [0x0000000016d70000,0x0000000016e70000]
Native frames: (J=compiled Java code, j=interpreted, Vv=VM code, C=native code)
V  [jvm.dll+0x32b47a]


Current CompileTask:
C2:  14121 1356       4       java.io.WinNTFileSystem::normalize (231 bytes)


---------------  P R O C E S S  ---------------

Java Threads: ( => current thread )
  0x000000001576c000 JavaThread "Service Thread" daemon [_thread_blocked, id=5988, stack(0x0000000017370000,0x0000000017470000)]
  0x0000000015719000 JavaThread "C1 CompilerThread2" daemon [_thread_blocked, id=6952, stack(0x0000000016e70000,0x0000000016f70000)]
=>0x0000000015710000 JavaThread "C2 CompilerThread1" daemon [_thread_in_native, id=9500, stack(0x0000000016d70000,0x0000000016e70000)]
  0x000000001570e000 JavaThread "C2 CompilerThread0" daemon [_thread_in_native, id=10048, stack(0x0000000016c70000,0x0000000016d70000)]
  0x000000001570b000 JavaThread "Attach Listener" daemon [_thread_blocked, id=7936, stack(0x0000000016b70000,0x0000000016c70000)]
  0x0000000015709800 JavaThread "Signal Dispatcher" daemon [_thread_blocked, id=9712, stack(0x0000000016a70000,0x0000000016b70000)]
  0x0000000001e96000 JavaThread "Finalizer" daemon [_thread_blocked, id=3680, stack(0x0000000016970000,0x0000000016a70000)]
  0x0000000001e8d000 JavaThread "Reference Handler" daemon [_thread_blocked, id=1228, stack(0x0000000016870000,0x0000000016970000)]
  0x0000000001da0800 JavaThread "main" [_thread_in_native, id=7800, stack(0x0000000001c10000,0x0000000001d10000)]

Other Threads:
  0x00000000156d7800 VMThread [stack: 0x0000000016770000,0x0000000016870000] [id=7748]
  0x000000001576e800 WatcherThread [stack: 0x0000000017470000,0x0000000017570000] [id=520]

VM state:not at safepoint (normal execution)

VM Mutex/Monitor currently owned by a thread: None

Heap:
 PSYoungGen      total 28160K, used 9338K [0x00000000e0a00000, 0x00000000e4180000, 0x0000000100000000)
  eden space 24064K, 21% used [0x00000000e0a00000,0x00000000e0f21d20,0x00000000e2180000)
  from space 4096K, 99% used [0x00000000e2200000,0x00000000e25fce10,0x00000000e2600000)
  to   space 16384K, 0% used [0x00000000e3180000,0x00000000e3180000,0x00000000e4180000)
 ParOldGen       total 65536K, used 19630K [0x00000000a1e00000, 0x00000000a5e00000, 0x00000000e0a00000)
  object space 65536K, 29% used [0x00000000a1e00000,0x00000000a312bab0,0x00000000a5e00000)
 Metaspace       used 11363K, capacity 12402K, committed 12672K, reserved 1060864K
  class space    used 1352K, capacity 1390K, committed 1408K, reserved 1048576K

Card table byte_map: [0x0000000011260000,0x0000000011560000] byte_map_base: 0x0000000010d51000

Marking Bits: (ParMarkBitMap*) 0x0000000071064040
 Begin Bits: [0x0000000011b60000, 0x00000000132e8000)
 End Bits:   [0x00000000132e8000, 0x0000000014a70000)

Polling page: 0x00000000003a0000

CodeCache: size=245760Kb used=5361Kb max_used=5370Kb free=240398Kb
 bounds [0x0000000001ea0000, 0x00000000023f0000, 0x0000000010ea0000]
 total_blobs=1674 nmethods=1353 adapters=234
 compilation: enabled

Compilation events (10 events):
Event: 13.303 Thread 0x0000000015719000 1351       3       sun.nio.cs.ThreadLocalCoders$1::hasName (43 bytes)
Event: 13.303 Thread 0x0000000015719000 nmethod 1351 0x00000000023dd510 code [0x00000000023dd6e0, 0x00000000023de3b8]
Event: 13.558 Thread 0x0000000015719000 1352       3       java.nio.ByteBuffer::<init> (45 bytes)
Event: 13.558 Thread 0x0000000015719000 nmethod 1352 0x00000000023da450 code [0x00000000023da5c0, 0x00000000023da808]
Event: 13.585 Thread 0x0000000015710000 1353 %     4       java.io.WinNTFileSystem::normalize @ 61 (231 bytes)
Event: 13.610 Thread 0x0000000015710000 nmethod 1353% 0x00000000023e1590 code [0x00000000023e1780, 0x00000000023e2f70]
Event: 13.682 Thread 0x0000000015719000 1354       3       sun.nio.cs.ThreadLocalCoders$Cache::forName (108 bytes)
Event: 13.683 Thread 0x0000000015719000 nmethod 1354 0x00000000023db690 code [0x00000000023db900, 0x00000000023dcc98]
Event: 13.795 Thread 0x000000001570e000 1355       4       java.util.jar.JarFile::getEntry (22 bytes)
Event: 13.795 Thread 0x0000000015710000 1356       4       java.io.WinNTFileSystem::normalize (231 bytes)

GC Heap History (10 events):
Event: 1.569 GC heap before
{Heap before GC invocations=1 (full 0):
 PSYoungGen      total 28672K, used 24576K [0x00000000e0a00000, 0x00000000e2a00000, 0x0000000100000000)
  eden space 24576K, 100% used [0x00000000e0a00000,0x00000000e2200000,0x00000000e2200000)
  from space 4096K, 0% used [0x00000000e2600000,0x00000000e2600000,0x00000000e2a00000)
  to   space 4096K, 0% used [0x00000000e2200000,0x00000000e2200000,0x00000000e2600000)
 ParOldGen       total 65536K, used 0K [0x00000000a1e00000, 0x00000000a5e00000, 0x00000000e0a00000)
  object space 65536K, 0% used [0x00000000a1e00000,0x00000000a1e00000,0x00000000a5e00000)
 Metaspace       used 7601K, capacity 8658K, committed 8960K, reserved 1056768K
  class space    used 849K, capacity 910K, committed 1024K, reserved 1048576K
Event: 1.575 GC heap after
Heap after GC invocations=1 (full 0):
 PSYoungGen      total 28672K, used 4087K [0x00000000e0a00000, 0x00000000e2a00000, 0x0000000100000000)
  eden space 24576K, 0% used [0x00000000e0a00000,0x00000000e0a00000,0x00000000e2200000)
  from space 4096K, 99% used [0x00000000e2200000,0x00000000e25fdc18,0x00000000e2600000)
  to   space 4096K, 0% used [0x00000000e2600000,0x00000000e2600000,0x00000000e2a00000)
 ParOldGen       total 65536K, used 758K [0x00000000a1e00000, 0x00000000a5e00000, 0x00000000e0a00000)
  object space 65536K, 1% used [0x00000000a1e00000,0x00000000a1ebda98,0x00000000a5e00000)
 Metaspace       used 7601K, capacity 8658K, committed 8960K, reserved 1056768K
  class space    used 849K, capacity 910K, committed 1024K, reserved 1048576K
}
Event: 2.761 GC heap before
{Heap before GC invocations=2 (full 0):
 PSYoungGen      total 28672K, used 28663K [0x00000000e0a00000, 0x00000000e2a00000, 0x0000000100000000)
  eden space 24576K, 100% used [0x00000000e0a00000,0x00000000e2200000,0x00000000e2200000)
  from space 4096K, 99% used [0x00000000e2200000,0x00000000e25fdc18,0x00000000e2600000)
  to   space 4096K, 0% used [0x00000000e2600000,0x00000000e2600000,0x00000000e2a00000)
 ParOldGen       total 65536K, used 758K [0x00000000a1e00000, 0x00000000a5e00000, 0x00000000e0a00000)
  object space 65536K, 1% used [0x00000000a1e00000,0x00000000a1ebda98,0x00000000a5e00000)
 Metaspace       used 7639K, capacity 8722K, committed 8960K, reserved 1056768K
  class space    used 849K, capacity 910K, committed 1024K, reserved 1048576K
Event: 2.764 GC heap after
Heap after GC invocations=2 (full 0):
 PSYoungGen      total 28672K, used 3290K [0x00000000e0a00000, 0x00000000e2a00000, 0x0000000100000000)
  eden space 24576K, 0% used [0x00000000e0a00000,0x00000000e0a00000,0x00000000e2200000)
  from space 4096K, 80% used [0x00000000e2600000,0x00000000e2936970,0x00000000e2a00000)
  to   space 4096K, 0% used [0x00000000e2200000,0x00000000e2200000,0x00000000e2600000)
 ParOldGen       total 65536K, used 766K [0x00000000a1e00000, 0x00000000a5e00000, 0x00000000e0a00000)
  object space 65536K, 1% used [0x00000000a1e00000,0x00000000a1ebfa98,0x00000000a5e00000)
 Metaspace       used 7639K, capacity 8722K, committed 8960K, reserved 1056768K
  class space    used 849K, capacity 910K, committed 1024K, reserved 1048576K
}
Event: 3.026 GC heap before
{Heap before GC invocations=3 (full 0):
 PSYoungGen      total 28672K, used 27866K [0x00000000e0a00000, 0x00000000e2a00000, 0x0000000100000000)
  eden space 24576K, 100% used [0x00000000e0a00000,0x00000000e2200000,0x00000000e2200000)
  from space 4096K, 80% used [0x00000000e2600000,0x00000000e2936970,0x00000000e2a00000)
  to   space 4096K, 0% used [0x00000000e2200000,0x00000000e2200000,0x00000000e2600000)
 ParOldGen       total 65536K, used 766K [0x00000000a1e00000, 0x00000000a5e00000, 0x00000000e0a00000)
  object space 65536K, 1% used [0x00000000a1e00000,0x00000000a1ebfa98,0x00000000a5e00000)
 Metaspace       used 10475K, capacity 11474K, committed 11648K, reserved 1058816K
  class space    used 1264K, capacity 1294K, committed 1408K, reserved 1048576K
Event: 3.031 GC heap after
Heap after GC invocations=3 (full 0):
 PSYoungGen      total 28672K, used 3666K [0x00000000e0a00000, 0x00000000e2a00000, 0x0000000100000000)
  eden space 24576K, 0% used [0x00000000e0a00000,0x00000000e0a00000,0x00000000e2200000)
  from space 4096K, 89% used [0x00000000e2200000,0x00000000e2594a40,0x00000000e2600000)
  to   space 4096K, 0% used [0x00000000e2600000,0x00000000e2600000,0x00000000e2a00000)
 ParOldGen       total 65536K, used 774K [0x00000000a1e00000, 0x00000000a5e00000, 0x00000000e0a00000)
  object space 65536K, 1% used [0x00000000a1e00000,0x00000000a1ec1a98,0x00000000a5e00000)
 Metaspace       used 10475K, capacity 11474K, committed 11648K, reserved 1058816K
  class space    used 1264K, capacity 1294K, committed 1408K, reserved 1048576K
}
Event: 6.553 GC heap before
{Heap before GC invocations=4 (full 0):
 PSYoungGen      total 28672K, used 28242K [0x00000000e0a00000, 0x00000000e2a00000, 0x0000000100000000)
  eden space 24576K, 100% used [0x00000000e0a00000,0x00000000e2200000,0x00000000e2200000)
  from space 4096K, 89% used [0x00000000e2200000,0x00000000e2594a40,0x00000000e2600000)
  to   space 4096K, 0% used [0x00000000e2600000,0x00000000e2600000,0x00000000e2a00000)
 ParOldGen       total 65536K, used 774K [0x00000000a1e00000, 0x00000000a5e00000, 0x00000000e0a00000)
  object space 65536K, 1% used [0x00000000a1e00000,0x00000000a1ec1a98,0x00000000a5e00000)
 Metaspace       used 11253K, capacity 12274K, committed 12416K, reserved 1060864K
  class space    used 1347K, capacity 1390K, committed 1408K, reserved 1048576K
Event: 6.571 GC heap after
Heap after GC invocations=4 (full 0):
 PSYoungGen      total 28672K, used 4083K [0x00000000e0a00000, 0x00000000e2a00000, 0x0000000100000000)
  eden space 24576K, 0% used [0x00000000e0a00000,0x00000000e0a00000,0x00000000e2200000)
  from space 4096K, 99% used [0x00000000e2600000,0x00000000e29fce30,0x00000000e2a00000)
  to   space 4096K, 0% used [0x00000000e2200000,0x00000000e2200000,0x00000000e2600000)
 ParOldGen       total 65536K, used 10247K [0x00000000a1e00000, 0x00000000a5e00000, 0x00000000e0a00000)
  object space 65536K, 15% used [0x00000000a1e00000,0x00000000a2801f00,0x00000000a5e00000)
 Metaspace       used 11253K, capacity 12274K, committed 12416K, reserved 1060864K
  class space    used 1347K, capacity 1390K, committed 1408K, reserved 1048576K
}
Event: 11.552 GC heap before
{Heap before GC invocations=5 (full 0):
 PSYoungGen      total 28672K, used 28659K [0x00000000e0a00000, 0x00000000e2a00000, 0x0000000100000000)
  eden space 24576K, 100% used [0x00000000e0a00000,0x00000000e2200000,0x00000000e2200000)
  from space 4096K, 99% used [0x00000000e2600000,0x00000000e29fce30,0x00000000e2a00000)
  to   space 4096K, 0% used [0x00000000e2200000,0x00000000e2200000,0x00000000e2600000)
 ParOldGen       total 65536K, used 10247K [0x00000000a1e00000, 0x00000000a5e00000, 0x00000000e0a00000)
  object space 65536K, 15% used [0x00000000a1e00000,0x00000000a2801f00,0x00000000a5e00000)
 Metaspace       used 11341K, capacity 12402K, committed 12672K, reserved 1060864K
  class space    used 1352K, capacity 1390K, committed 1408K, reserved 1048576K
Event: 11.573 GC heap after
Heap after GC invocations=5 (full 0):
 PSYoungGen      total 28160K, used 4083K [0x00000000e0a00000, 0x00000000e4180000, 0x0000000100000000)
  eden space 24064K, 0% used [0x00000000e0a00000,0x00000000e0a00000,0x00000000e2180000)
  from space 4096K, 99% used [0x00000000e2200000,0x00000000e25fce10,0x00000000e2600000)
  to   space 16384K, 0% used [0x00000000e3180000,0x00000000e3180000,0x00000000e4180000)
 ParOldGen       total 65536K, used 19630K [0x00000000a1e00000, 0x00000000a5e00000, 0x00000000e0a00000)
  object space 65536K, 29% used [0x00000000a1e00000,0x00000000a312bab0,0x00000000a5e00000)
 Metaspace       used 11341K, capacity 12402K, committed 12672K, reserved 1060864K
  class space    used 1352K, capacity 1390K, committed 1408K, reserved 1048576K
}

Deoptimization events (10 events):
Event: 11.392 Thread 0x0000000001da0800 Uncommon trap: reason=class_check action=maybe_recompile pc=0x000000000213a714 method=java.util.Collections$UnmodifiableCollection$1.hasNext()Z @ 4
Event: 11.392 Thread 0x0000000001da0800 Uncommon trap: reason=class_check action=maybe_recompile pc=0x000000000213f5d4 method=java.util.Collections$UnmodifiableCollection$1.next()Ljava/lang/Object; @ 4
Event: 11.392 Thread 0x0000000001da0800 Uncommon trap: reason=class_check action=maybe_recompile pc=0x000000000213a714 method=java.util.Collections$UnmodifiableCollection$1.hasNext()Z @ 4
Event: 11.392 Thread 0x0000000001da0800 Uncommon trap: reason=class_check action=maybe_recompile pc=0x000000000213f5d4 method=java.util.Collections$UnmodifiableCollection$1.next()Ljava/lang/Object; @ 4
Event: 11.401 Thread 0x0000000001da0800 Uncommon trap: reason=class_check action=maybe_recompile pc=0x000000000213a714 method=java.util.Collections$UnmodifiableCollection$1.hasNext()Z @ 4
Event: 11.401 Thread 0x0000000001da0800 Uncommon trap: reason=class_check action=maybe_recompile pc=0x000000000213f5d4 method=java.util.Collections$UnmodifiableCollection$1.next()Ljava/lang/Object; @ 4
Event: 11.401 Thread 0x0000000001da0800 Uncommon trap: reason=class_check action=maybe_recompile pc=0x000000000213f5d4 method=java.util.Collections$UnmodifiableCollection$1.next()Ljava/lang/Object; @ 4
Event: 11.517 Thread 0x0000000001da0800 Uncommon trap: reason=class_check action=maybe_recompile pc=0x0000000002165584 method=sun.misc.URLClassPath.getLoader(I)Lsun/misc/URLClassPath$Loader; @ 94
Event: 11.656 Thread 0x0000000001da0800 Uncommon trap: reason=unstable_if action=reinterpret pc=0x000000000200d0a8 method=java.lang.String.startsWith(Ljava/lang/String;I)Z @ 25
Event: 11.656 Thread 0x0000000001da0800 Uncommon trap: reason=unstable_if action=reinterpret pc=0x000000000213d254 method=sun.misc.URLClassPath$JarLoader.getResource(Ljava/lang/String;Z)Lsun/misc/Resource; @ 62

Internal exceptions (7 events):
Event: 0.037 Thread 0x0000000001da0800 Exception <a 'java/lang/NoSuchMethodError': Method sun.misc.Unsafe.defineClass(Ljava/lang/String;[BII)Ljava/lang/Class; name or signature does not match> (0x00000000e0a0d810) thrown at [D:\re\workspace\8-2-build-windows-amd64-cygwin\jdk8u40\2855\hotspot\sr7S1VÆ£?
Event: 0.037 Thread 0x0000000001da0800 Exception <a 'java/lang/NoSuchMethodError': Method sun.misc.Unsafe.prefetchRead(Ljava/lang/Object;J)V name or signature does not match> (0x00000000e0a0daa0) thrown at [D:\re\workspace\8-2-build-windows-amd64-cygwin\jdk8u40\2855\hotspot\src\share\vm\prims\j!	m‹‚!Ç?
Event: 0.181 Thread 0x0000000001da0800 Exception <a 'java/security/PrivilegedActionException'> (0x00000000e0bba210) thrown at [D:\re\workspace\8-2-build-windows-amd64-cygwin\jdk8u40\2855\hotspot\src\share\vm\prims\jvm.cpp, line 1382]
Event: 0.181 Thread 0x0000000001da0800 Exception <a 'java/security/PrivilegedActionException'> (0x00000000e0bba3c8) thrown at [D:\re\workspace\8-2-build-windows-amd64-cygwin\jdk8u40\2855\hotspot\src\share\vm\prims\jvm.cpp, line 1382]
Event: 0.181 Thread 0x0000000001da0800 Exception <a 'java/security/PrivilegedActionException'> (0x00000000e0bbe160) thrown at [D:\re\workspace\8-2-build-windows-amd64-cygwin\jdk8u40\2855\hotspot\src\share\vm\prims\jvm.cpp, line 1382]
Event: 0.181 Thread 0x0000000001da0800 Exception <a 'java/security/PrivilegedActionException'> (0x00000000e0bbe318) thrown at [D:\re\workspace\8-2-build-windows-amd64-cygwin\jdk8u40\2855\hotspot\src\share\vm\prims\jvm.cpp, line 1382]
Event: 0.968 Thread 0x0000000001da0800 Exception <a 'java/lang/ClassNotFoundException': org/apache/tools/ant/helper/DefaultExecutor> (0x00000000e1b06d70) thrown at [D:\re\workspace\8-2-build-windows-amd64-cygwin\jdk8u40\2855\hotspot\src\share\vm\classfile\systemDictionary.cpp, line 210]

Events (10 events):
Event: 11.656 Thread 0x0000000001da0800 Uncommon trap: trap_request=0xffffff65 fr.pc=0x000000000200d0a8
Event: 11.656 Thread 0x0000000001da0800 DEOPT PACKING pc=0x000000000200d0a8 sp=0x0000000001d0ae70
Event: 11.656 Thread 0x0000000001da0800 DEOPT UNPACKING pc=0x0000000001ee582a sp=0x0000000001d0ade8 mode 2
Event: 11.656 Thread 0x0000000001da0800 Uncommon trap: trap_request=0xffffff65 fr.pc=0x000000000213d254
Event: 11.656 Thread 0x0000000001da0800 DEOPT PACKING pc=0x000000000213d254 sp=0x0000000001d0cac0
Event: 11.656 Thread 0x0000000001da0800 DEOPT UNPACKING pc=0x0000000001ee582a sp=0x0000000001d0cad0 mode 2
Event: 13.242 Thread 0x0000000001da0800 DEOPT PACKING pc=0x00000000023d3115 sp=0x0000000001d0c880
Event: 13.242 Thread 0x0000000001da0800 DEOPT UNPACKING pc=0x0000000001ee787f sp=0x0000000001d0c5b8 mode 0
Event: 13.795 Thread 0x0000000001da0800 DEOPT PACKING pc=0x00000000020014fd sp=0x0000000001d0ad70
Event: 13.795 Thread 0x0000000001da0800 DEOPT UNPACKING pc=0x0000000001ee787f sp=0x0000000001d0ab28 mode 0


Dynamic libraries:
0x00007ff7b2770000 - 0x00007ff7b27a7000 	C:\Program Files\Java\jdk1.8.0_40\bin\java.exe
0x00007ffe46630000 - 0x00007ffe467dc000 	C:\WINDOWS\SYSTEM32\ntdll.dll
0x00007ffe46070000 - 0x00007ffe461ae000 	C:\WINDOWS\system32\KERNEL32.DLL
0x00007ffe43950000 - 0x00007ffe43a65000 	C:\WINDOWS\system32\KERNELBASE.dll
0x00007ffe42320000 - 0x00007ffe423ae000 	C:\WINDOWS\system32\apphelp.dll
0x00007ffe3fc60000 - 0x00007ffe3fcb3000 	C:\WINDOWS\AppPatch\AppPatch64\AcGenral.DLL
0x00007ffe440d0000 - 0x00007ffe4417a000 	C:\WINDOWS\system32\msvcrt.dll
0x00007ffe43540000 - 0x00007ffe4356e000 	C:\WINDOWS\SYSTEM32\SspiCli.dll
0x00007ffe46010000 - 0x00007ffe46064000 	C:\WINDOWS\system32\SHLWAPI.dll
0x00007ffe45e70000 - 0x00007ffe45fe7000 	C:\WINDOWS\system32\USER32.dll
0x00007ffe44750000 - 0x00007ffe448e4000 	C:\WINDOWS\system32\ole32.dll
0x00007ffe448f0000 - 0x00007ffe45e08000 	C:\WINDOWS\system32\SHELL32.dll
0x00007ffe42d20000 - 0x00007ffe42d41000 	C:\WINDOWS\SYSTEM32\USERENV.dll
0x00007ffe44020000 - 0x00007ffe440ca000 	C:\WINDOWS\system32\ADVAPI32.dll
0x00007ffe38b80000 - 0x00007ffe38b9e000 	C:\WINDOWS\SYSTEM32\MPR.dll
0x00007ffe463d0000 - 0x00007ffe46511000 	C:\WINDOWS\system32\RPCRT4.dll
0x00007ffe465d0000 - 0x00007ffe46629000 	C:\WINDOWS\SYSTEM32\sechost.dll
0x00007ffe461b0000 - 0x00007ffe463c1000 	C:\WINDOWS\SYSTEM32\combase.dll
0x00007ffe445f0000 - 0x00007ffe44741000 	C:\WINDOWS\system32\GDI32.dll
0x00007ffe43780000 - 0x00007ffe43795000 	C:\WINDOWS\SYSTEM32\profapi.dll
0x00007ffe41b00000 - 0x00007ffe41bb2000 	C:\WINDOWS\SYSTEM32\SHCORE.dll
0x00007ffe46520000 - 0x00007ffe46556000 	C:\WINDOWS\system32\IMM32.DLL
0x00007ffe43cb0000 - 0x00007ffe43e02000 	C:\WINDOWS\system32\MSCTF.dll
0x00007ffe40460000 - 0x00007ffe406db000 	C:\WINDOWS\WinSxS\amd64_microsoft.windows.common-controls_6595b64144ccf1df_6.0.9600.17784_none_624760d1ecb7236e\COMCTL32.dll
0x0000000070780000 - 0x0000000070852000 	C:\Program Files\Java\jdk1.8.0_40\jre\bin\msvcr100.dll
0x0000000070860000 - 0x00000000710e3000 	C:\Program Files\Java\jdk1.8.0_40\jre\bin\server\jvm.dll
0x00007ffe38a30000 - 0x00007ffe38a39000 	C:\WINDOWS\SYSTEM32\WSOCK32.dll
0x00007ffe38a50000 - 0x00007ffe38a72000 	C:\WINDOWS\SYSTEM32\WINMM.dll
0x00007ffe41320000 - 0x00007ffe4132a000 	C:\WINDOWS\SYSTEM32\VERSION.dll
0x00007ffe46000000 - 0x00007ffe46007000 	C:\WINDOWS\system32\PSAPI.DLL
0x00007ffe45e10000 - 0x00007ffe45e6a000 	C:\WINDOWS\system32\WS2_32.dll
0x00007ffe389f0000 - 0x00007ffe38a1a000 	C:\WINDOWS\SYSTEM32\WINMMBASE.dll
0x00007ffe465c0000 - 0x00007ffe465c9000 	C:\WINDOWS\system32\NSI.dll
0x00007ffe43850000 - 0x00007ffe4389f000 	C:\WINDOWS\SYSTEM32\cfgmgr32.dll
0x00007ffe42570000 - 0x00007ffe42598000 	C:\WINDOWS\SYSTEM32\DEVOBJ.dll
0x00000000718f0000 - 0x00000000718ff000 	C:\Program Files\Java\jdk1.8.0_40\jre\bin\verify.dll
0x0000000070710000 - 0x0000000070739000 	C:\Program Files\Java\jdk1.8.0_40\jre\bin\java.dll
0x00000000718d0000 - 0x00000000718e6000 	C:\Program Files\Java\jdk1.8.0_40\jre\bin\zip.dll
0x00007ffe36bc0000 - 0x00007ffe36d49000 	C:\WINDOWS\SYSTEM32\dbghelp.dll

VM Arguments:
jvm_args: -Dant.home=C:\ant 
java_command: org.apache.tools.ant.launch.Launcher -cp C:\Program Files\Java\jdk1.8.0_40\lib;.; deploy
java_class_path (initial): C:\ant\lib\ant-launcher.jar
Launcher Type: SUN_STANDARD

Environment Variables:
JAVA_HOME=C:\Program Files\Java\jdk1.8.0_40
CLASSPATH=C:\Program Files\Java\jdk1.8.0_40\lib;.;
PATH=C:\Python27\;C:\Program Files (x86)\Intel\iCLS Client\;C:\Program Files\Intel\iCLS Client\;C:\ProgramData\Oracle\Java\javapath;C:\WINDOWS\system32;C:\WINDOWS;C:\WINDOWS\System32\Wbem;C:\WINDOWS\System32\WindowsPowerShell\v1.0\;C:\Program Files (x86)\Skype\Phone\;C:\Program Files (x86)\ATI Technologies\ATI.ACE\Core-Static;C:\Program Files\Java\jdk1.8.0_40\bin;C:\Program Files\Intel\Intel(R) Management Engine Components\DAL;C:\Program Files\Intel\Intel(R) Management Engine Components\IPT;C:\Program Files (x86)\Intel\Intel(R) Management Engine Components\DAL;C:\Program Files (x86)\Intel\Intel(R) Management Engine Components\IPT;C:\Program Files (x86)\Windows Live\Shared;C:\Program Files\MySQL\MySQL Server 5.1\bin;C:\ant\bin;C:\Program Files\TortoiseSVN\bin;C:\Program Files (x86)\Git\cmd;C:\svn\bin;C:\oraclexe\app\oracle\product\11.2.0\server\;C:\Ruby193\bin;C:\Users\Maciel\AppData\Local\Code\bin
USERNAME=Maciel
OS=Windows_NT
PROCESSOR_IDENTIFIER=Intel64 Family 6 Model 58 Stepping 9, GenuineIntel



---------------  S Y S T E M  ---------------

OS: Windows 8.1 , 64 bit Build 9600 (6.3.9600.17415)

CPU:total 4 (2 cores per cpu, 2 threads per core) family 6 model 58 stepping 9, cmov, cx8, fxsr, mmx, sse, sse2, sse3, ssse3, sse4.1, sse4.2, popcnt, avx, aes, clmul, erms, ht, tsc, tscinvbit, tscinv

Memory: 4k page, physical 6163928k(1255312k free), swap 9309656k(4924k free)

vm_info: Java HotSpot(TM) 64-Bit Server VM (25.40-b25) for windows-amd64 JRE (1.8.0_40-b25), built on Feb 10 2015 21:53:57 by "java_re" with MS VC++ 10.0 (VS2010)

time: Sun May 24 21:52:33 2015
elapsed time: 14 seconds (0d 0h 0m 14s)

