#
# There is insufficient memory for the Java Runtime Environment to continue.
# Native memory allocation (malloc) failed to allocate 1447456 bytes for Chunk::new
# Possible reasons:
#   The system is out of physical RAM or swap space
#   In 32 bit mode, the process size limit was hit
# Possible solutions:
#   Reduce memory load on the system
#   Increase physical memory or swap space
#   Check if swap backing store is full
#   Use 64 bit Java on a 64 bit OS
#   Decrease Java heap size (-Xmx/-Xms)
#   Decrease number of Java threads
#   Decrease Java thread stack sizes (-Xss)
#   Set larger code cache with -XX:ReservedCodeCacheSize=
# This output file may be truncated or incomplete.
#
#  Out of Memory Error (allocation.cpp:390), pid=9348, tid=8732
#
# JRE version: Java(TM) SE Runtime Environment (8.0_40-b25) (build 1.8.0_40-b25)
# Java VM: Java HotSpot(TM) 64-Bit Server VM (25.40-b25 mixed mode windows-amd64 compressed oops)
# Failed to write core dump. Minidumps are not enabled by default on client versions of Windows
#

---------------  T H R E A D  ---------------

Current thread (0x00000000157b1800):  JavaThread "C2 CompilerThread1" daemon [_thread_in_native, id=8732, stack(0x0000000016e40000,0x0000000016f40000)]

Stack: [0x0000000016e40000,0x0000000016f40000]
Native frames: (J=compiled Java code, j=interpreted, Vv=VM code, C=native code)
V  [jvm.dll+0x32b47a]


Current CompileTask:
C2:  18530 1588   !   4       com.sun.tools.javac.file.JavacFileManager::listContainer (94 bytes)


---------------  P R O C E S S  ---------------

Java Threads: ( => current thread )
  0x0000000017078800 JavaThread "Service Thread" daemon [_thread_blocked, id=5944, stack(0x0000000017440000,0x0000000017540000)]
  0x00000000157ba000 JavaThread "C1 CompilerThread2" daemon [_thread_blocked, id=9248, stack(0x0000000016f40000,0x0000000017040000)]
=>0x00000000157b1800 JavaThread "C2 CompilerThread1" daemon [_thread_in_native, id=8732, stack(0x0000000016e40000,0x0000000016f40000)]
  0x00000000157af800 JavaThread "C2 CompilerThread0" daemon [_thread_in_native, id=10228, stack(0x0000000016d40000,0x0000000016e40000)]
  0x00000000157ac800 JavaThread "Attach Listener" daemon [_thread_blocked, id=5692, stack(0x0000000016c40000,0x0000000016d40000)]
  0x00000000157ab800 JavaThread "Signal Dispatcher" daemon [_thread_blocked, id=4580, stack(0x0000000016b40000,0x0000000016c40000)]
  0x0000000001f37800 JavaThread "Finalizer" daemon [_thread_blocked, id=3496, stack(0x0000000016a40000,0x0000000016b40000)]
  0x0000000001f2f000 JavaThread "Reference Handler" daemon [_thread_blocked, id=9712, stack(0x0000000016940000,0x0000000016a40000)]
  0x0000000001e40800 JavaThread "main" [_thread_in_native, id=5184, stack(0x0000000001c80000,0x0000000001d80000)]

Other Threads:
  0x0000000015777800 VMThread [stack: 0x0000000016840000,0x0000000016940000] [id=10208]
  0x000000001707d800 WatcherThread [stack: 0x0000000017540000,0x0000000017640000] [id=9940]

VM state:not at safepoint (normal execution)

VM Mutex/Monitor currently owned by a thread: None

Heap:
 PSYoungGen      total 39936K, used 30421K [0x00000000e0a00000, 0x00000000e4d00000, 0x0000000100000000)
  eden space 21504K, 55% used [0x00000000e0a00000,0x00000000e15bcb68,0x00000000e1f00000)
  from space 18432K, 99% used [0x00000000e1f80000,0x00000000e31788e8,0x00000000e3180000)
  to   space 23552K, 0% used [0x00000000e3600000,0x00000000e3600000,0x00000000e4d00000)
 ParOldGen       total 65536K, used 23316K [0x00000000a1e00000, 0x00000000a5e00000, 0x00000000e0a00000)
  object space 65536K, 35% used [0x00000000a1e00000,0x00000000a34c50f8,0x00000000a5e00000)
 Metaspace       used 12223K, capacity 12930K, committed 13056K, reserved 1060864K
  class space    used 1433K, capacity 1517K, committed 1536K, reserved 1048576K

Card table byte_map: [0x0000000011300000,0x0000000011600000] byte_map_base: 0x0000000010df1000

Marking Bits: (ParMarkBitMap*) 0x0000000071064040
 Begin Bits: [0x0000000011c00000, 0x0000000013388000)
 End Bits:   [0x0000000013388000, 0x0000000014b10000)

Polling page: 0x0000000000680000

CodeCache: size=245760Kb used=6461Kb max_used=6461Kb free=239298Kb
 bounds [0x0000000001f40000, 0x00000000025a0000, 0x0000000010f40000]
 total_blobs=1975 nmethods=1639 adapters=248
 compilation: enabled

Compilation events (10 events):
Event: 18.438 Thread 0x00000000157ba000 1630       3       java.util.HashMap::<init> (98 bytes)
Event: 18.439 Thread 0x00000000157ba000 nmethod 1630 0x000000000258e4d0 code [0x000000000258e780, 0x000000000258fa98]
Event: 18.439 Thread 0x00000000157ba000 1631       3       sun.misc.ProxyGenerator$ConstantPool$IndirectEntry::hashCode (15 bytes)
Event: 18.439 Thread 0x00000000157ba000 nmethod 1631 0x00000000025903d0 code [0x0000000002590520, 0x0000000002590690]
Event: 18.439 Thread 0x00000000157ba000 1632       3       sun.misc.ProxyGenerator$ConstantPool::getIndirect (67 bytes)
Event: 18.439 Thread 0x00000000157ba000 nmethod 1632 0x0000000002590710 code [0x00000000025908e0, 0x0000000002591098]
Event: 18.439 Thread 0x00000000157ba000 1628       3       sun.reflect.generics.parser.SignatureParser::advance (37 bytes)
Event: 18.439 Thread 0x00000000157ba000 nmethod 1628 0x00000000025913d0 code [0x0000000002591520, 0x0000000002591690]
Event: 18.440 Thread 0x00000000157ba000 1633       3       sun.misc.ProxyGenerator$ConstantPool$IndirectEntry::equals (49 bytes)
Event: 18.440 Thread 0x00000000157ba000 nmethod 1633 0x0000000002591710 code [0x0000000002591880, 0x0000000002591cd0]

GC Heap History (10 events):
Event: 3.476 GC heap before
{Heap before GC invocations=3 (full 0):
 PSYoungGen      total 28672K, used 27648K [0x00000000e0a00000, 0x00000000e2a00000, 0x0000000100000000)
  eden space 24576K, 100% used [0x00000000e0a00000,0x00000000e2200000,0x00000000e2200000)
  from space 4096K, 75% used [0x00000000e2600000,0x00000000e2900390,0x00000000e2a00000)
  to   space 4096K, 0% used [0x00000000e2200000,0x00000000e2200000,0x00000000e2600000)
 ParOldGen       total 65536K, used 472K [0x00000000a1e00000, 0x00000000a5e00000, 0x00000000e0a00000)
  object space 65536K, 0% used [0x00000000a1e00000,0x00000000a1e76058,0x00000000a5e00000)
 Metaspace       used 10922K, capacity 11466K, committed 11648K, reserved 1058816K
  class space    used 1311K, capacity 1349K, committed 1408K, reserved 1048576K
Event: 3.480 GC heap after
Heap after GC invocations=3 (full 0):
 PSYoungGen      total 28672K, used 3939K [0x00000000e0a00000, 0x00000000e2a00000, 0x0000000100000000)
  eden space 24576K, 0% used [0x00000000e0a00000,0x00000000e0a00000,0x00000000e2200000)
  from space 4096K, 96% used [0x00000000e2200000,0x00000000e25d8e60,0x00000000e2600000)
  to   space 4096K, 0% used [0x00000000e2600000,0x00000000e2600000,0x00000000e2a00000)
 ParOldGen       total 65536K, used 480K [0x00000000a1e00000, 0x00000000a5e00000, 0x00000000e0a00000)
  object space 65536K, 0% used [0x00000000a1e00000,0x00000000a1e78058,0x00000000a5e00000)
 Metaspace       used 10922K, capacity 11466K, committed 11648K, reserved 1058816K
  class space    used 1311K, capacity 1349K, committed 1408K, reserved 1048576K
}
Event: 8.170 GC heap before
{Heap before GC invocations=4 (full 0):
 PSYoungGen      total 28672K, used 28515K [0x00000000e0a00000, 0x00000000e2a00000, 0x0000000100000000)
  eden space 24576K, 100% used [0x00000000e0a00000,0x00000000e2200000,0x00000000e2200000)
  from space 4096K, 96% used [0x00000000e2200000,0x00000000e25d8e60,0x00000000e2600000)
  to   space 4096K, 0% used [0x00000000e2600000,0x00000000e2600000,0x00000000e2a00000)
 ParOldGen       total 65536K, used 480K [0x00000000a1e00000, 0x00000000a5e00000, 0x00000000e0a00000)
  object space 65536K, 0% used [0x00000000a1e00000,0x00000000a1e78058,0x00000000a5e00000)
 Metaspace       used 10965K, capacity 11530K, committed 11648K, reserved 1058816K
  class space    used 1311K, capacity 1349K, committed 1408K, reserved 1048576K
Event: 8.192 GC heap after
Heap after GC invocations=4 (full 0):
 PSYoungGen      total 28672K, used 4082K [0x00000000e0a00000, 0x00000000e2a00000, 0x0000000100000000)
  eden space 24576K, 0% used [0x00000000e0a00000,0x00000000e0a00000,0x00000000e2200000)
  from space 4096K, 99% used [0x00000000e2600000,0x00000000e29fc910,0x00000000e2a00000)
  to   space 4096K, 0% used [0x00000000e2200000,0x00000000e2200000,0x00000000e2600000)
 ParOldGen       total 65536K, used 11481K [0x00000000a1e00000, 0x00000000a5e00000, 0x00000000e0a00000)
  object space 65536K, 17% used [0x00000000a1e00000,0x00000000a29366b8,0x00000000a5e00000)
 Metaspace       used 10965K, capacity 11530K, committed 11648K, reserved 1058816K
  class space    used 1311K, capacity 1349K, committed 1408K, reserved 1048576K
}
Event: 15.039 GC heap before
{Heap before GC invocations=5 (full 0):
 PSYoungGen      total 28672K, used 28658K [0x00000000e0a00000, 0x00000000e2a00000, 0x0000000100000000)
  eden space 24576K, 100% used [0x00000000e0a00000,0x00000000e2200000,0x00000000e2200000)
  from space 4096K, 99% used [0x00000000e2600000,0x00000000e29fc910,0x00000000e2a00000)
  to   space 4096K, 0% used [0x00000000e2200000,0x00000000e2200000,0x00000000e2600000)
 ParOldGen       total 65536K, used 11481K [0x00000000a1e00000, 0x00000000a5e00000, 0x00000000e0a00000)
  object space 65536K, 17% used [0x00000000a1e00000,0x00000000a29366b8,0x00000000a5e00000)
 Metaspace       used 11072K, capacity 11658K, committed 11904K, reserved 1060864K
  class space    used 1315K, capacity 1349K, committed 1408K, reserved 1048576K
Event: 15.056 GC heap after
Heap after GC invocations=5 (full 0):
 PSYoungGen      total 28160K, used 4083K [0x00000000e0a00000, 0x00000000e4180000, 0x0000000100000000)
  eden space 24064K, 0% used [0x00000000e0a00000,0x00000000e0a00000,0x00000000e2180000)
  from space 4096K, 99% used [0x00000000e2200000,0x00000000e25fce30,0x00000000e2600000)
  to   space 16384K, 0% used [0x00000000e3180000,0x00000000e3180000,0x00000000e4180000)
 ParOldGen       total 65536K, used 19795K [0x00000000a1e00000, 0x00000000a5e00000, 0x00000000e0a00000)
  object space 65536K, 30% used [0x00000000a1e00000,0x00000000a3154d90,0x00000000a5e00000)
 Metaspace       used 11072K, capacity 11658K, committed 11904K, reserved 1060864K
  class space    used 1315K, capacity 1349K, committed 1408K, reserved 1048576K
}
Event: 17.497 GC heap before
{Heap before GC invocations=6 (full 0):
 PSYoungGen      total 28160K, used 28147K [0x00000000e0a00000, 0x00000000e4180000, 0x0000000100000000)
  eden space 24064K, 100% used [0x00000000e0a00000,0x00000000e2180000,0x00000000e2180000)
  from space 4096K, 99% used [0x00000000e2200000,0x00000000e25fce30,0x00000000e2600000)
  to   space 16384K, 0% used [0x00000000e3180000,0x00000000e3180000,0x00000000e4180000)
 ParOldGen       total 65536K, used 19795K [0x00000000a1e00000, 0x00000000a5e00000, 0x00000000e0a00000)
  object space 65536K, 30% used [0x00000000a1e00000,0x00000000a3154d90,0x00000000a5e00000)
 Metaspace       used 11527K, capacity 12170K, committed 12544K, reserved 1060864K
  class space    used 1354K, capacity 1413K, committed 1536K, reserved 1048576K
Event: 17.516 GC heap after
Heap after GC invocations=6 (full 0):
 PSYoungGen      total 38400K, used 13768K [0x00000000e0a00000, 0x00000000e4500000, 0x0000000100000000)
  eden space 22016K, 0% used [0x00000000e0a00000,0x00000000e0a00000,0x00000000e1f80000)
  from space 16384K, 84% used [0x00000000e3180000,0x00000000e3ef23c8,0x00000000e4180000)
  to   space 18432K, 0% used [0x00000000e1f80000,0x00000000e1f80000,0x00000000e3180000)
 ParOldGen       total 65536K, used 19795K [0x00000000a1e00000, 0x00000000a5e00000, 0x00000000e0a00000)
  object space 65536K, 30% used [0x00000000a1e00000,0x00000000a3154d90,0x00000000a5e00000)
 Metaspace       used 11527K, capacity 12170K, committed 12544K, reserved 1060864K
  class space    used 1354K, capacity 1413K, committed 1536K, reserved 1048576K
}
Event: 18.306 GC heap before
{Heap before GC invocations=7 (full 0):
 PSYoungGen      total 38400K, used 35784K [0x00000000e0a00000, 0x00000000e4500000, 0x0000000100000000)
  eden space 22016K, 100% used [0x00000000e0a00000,0x00000000e1f80000,0x00000000e1f80000)
  from space 16384K, 84% used [0x00000000e3180000,0x00000000e3ef23c8,0x00000000e4180000)
  to   space 18432K, 0% used [0x00000000e1f80000,0x00000000e1f80000,0x00000000e3180000)
 ParOldGen       total 65536K, used 19795K [0x00000000a1e00000, 0x00000000a5e00000, 0x00000000e0a00000)
  object space 65536K, 30% used [0x00000000a1e00000,0x00000000a3154d90,0x00000000a5e00000)
 Metaspace       used 11633K, capacity 12234K, committed 12544K, reserved 1060864K
  class space    used 1360K, capacity 1413K, committed 1536K, reserved 1048576K
Event: 18.327 GC heap after
Heap after GC invocations=7 (full 0):
 PSYoungGen      total 39936K, used 18402K [0x00000000e0a00000, 0x00000000e4d00000, 0x0000000100000000)
  eden space 21504K, 0% used [0x00000000e0a00000,0x00000000e0a00000,0x00000000e1f00000)
  from space 18432K, 99% used [0x00000000e1f80000,0x00000000e31788e8,0x00000000e3180000)
  to   space 23552K, 0% used [0x00000000e3600000,0x00000000e3600000,0x00000000e4d00000)
 ParOldGen       total 65536K, used 23316K [0x00000000a1e00000, 0x00000000a5e00000, 0x00000000e0a00000)
  object space 65536K, 35% used [0x00000000a1e00000,0x00000000a34c50f8,0x00000000a5e00000)
 Metaspace       used 11633K, capacity 12234K, committed 12544K, reserved 1060864K
  class space    used 1360K, capacity 1413K, committed 1536K, reserved 1048576K
}

Deoptimization events (10 events):
Event: 18.404 Thread 0x0000000001e40800 Uncommon trap: reason=class_check action=maybe_recompile pc=0x00000000022c429c method=java.util.HashMap.putVal(ILjava/lang/Object;Ljava/lang/Object;ZZ)Ljava/lang/Object; @ 91
Event: 18.404 Thread 0x0000000001e40800 Uncommon trap: reason=class_check action=maybe_recompile pc=0x00000000022c429c method=java.util.HashMap.putVal(ILjava/lang/Object;Ljava/lang/Object;ZZ)Ljava/lang/Object; @ 91
Event: 18.404 Thread 0x0000000001e40800 Uncommon trap: reason=class_check action=maybe_recompile pc=0x00000000022c429c method=java.util.HashMap.putVal(ILjava/lang/Object;Ljava/lang/Object;ZZ)Ljava/lang/Object; @ 91
Event: 18.404 Thread 0x0000000001e40800 Uncommon trap: reason=class_check action=maybe_recompile pc=0x00000000022b70a4 method=java.util.HashMap.putVal(ILjava/lang/Object;Ljava/lang/Object;ZZ)Ljava/lang/Object; @ 91
Event: 18.406 Thread 0x0000000001e40800 Uncommon trap: reason=unstable_if action=reinterpret pc=0x00000000022f61b0 method=java.lang.Class.privateGetMethodRecursive(Ljava/lang/String;[Ljava/lang/Class;ZLjava/lang/Class$MethodArray;)Ljava/lang/reflect/Method; @ 112
Event: 18.406 Thread 0x0000000001e40800 Uncommon trap: reason=unstable_if action=reinterpret pc=0x00000000022dca08 method=java.lang.Class$MethodArray.getFirst()Ljava/lang/reflect/Method; @ 22
Event: 18.409 Thread 0x0000000001e40800 Uncommon trap: reason=unstable_if action=reinterpret pc=0x0000000002305150 method=java.lang.Class.privateGetMethodRecursive(Ljava/lang/String;[Ljava/lang/Class;ZLjava/lang/Class$MethodArray;)Ljava/lang/reflect/Method; @ 112
Event: 18.409 Thread 0x0000000001e40800 Uncommon trap: reason=bimorphic action=maybe_recompile pc=0x00000000023e42ac method=java.util.Collections$UnmodifiableCollection$1.hasNext()Z @ 4
Event: 18.409 Thread 0x0000000001e40800 Uncommon trap: reason=bimorphic action=maybe_recompile pc=0x00000000023ef72c method=java.util.Collections$UnmodifiableCollection$1.next()Ljava/lang/Object; @ 4
Event: 18.409 Thread 0x0000000001e40800 Uncommon trap: reason=bimorphic action=maybe_recompile pc=0x00000000023e42ac method=java.util.Collections$UnmodifiableCollection$1.hasNext()Z @ 4

Internal exceptions (9 events):
Event: 0.032 Thread 0x0000000001e40800 Exception <a 'java/lang/NoSuchMethodError': Method sun.misc.Unsafe.defineClass(Ljava/lang/String;[BII)Ljava/lang/Class; name or signature does not match> (0x00000000e0a0d818) thrown at [D:\re\workspace\8-2-build-windows-amd64-cygwin\jdk8u40\2855\hotspot\srôï»èö†?
Event: 0.032 Thread 0x0000000001e40800 Exception <a 'java/lang/NoSuchMethodError': Method sun.misc.Unsafe.prefetchRead(Ljava/lang/Object;J)V name or signature does not match> (0x00000000e0a0daa8) thrown at [D:\re\workspace\8-2-build-windows-amd64-cygwin\jdk8u40\2855\hotspot\src\share\vm\prims\jueÓ:1®∫?
Event: 0.104 Thread 0x0000000001e40800 Exception <a 'java/security/PrivilegedActionException'> (0x00000000e0bba210) thrown at [D:\re\workspace\8-2-build-windows-amd64-cygwin\jdk8u40\2855\hotspot\src\share\vm\prims\jvm.cpp, line 1382]
Event: 0.104 Thread 0x0000000001e40800 Exception <a 'java/security/PrivilegedActionException'> (0x00000000e0bba3c8) thrown at [D:\re\workspace\8-2-build-windows-amd64-cygwin\jdk8u40\2855\hotspot\src\share\vm\prims\jvm.cpp, line 1382]
Event: 0.105 Thread 0x0000000001e40800 Exception <a 'java/security/PrivilegedActionException'> (0x00000000e0bbe160) thrown at [D:\re\workspace\8-2-build-windows-amd64-cygwin\jdk8u40\2855\hotspot\src\share\vm\prims\jvm.cpp, line 1382]
Event: 0.105 Thread 0x0000000001e40800 Exception <a 'java/security/PrivilegedActionException'> (0x00000000e0bbe318) thrown at [D:\re\workspace\8-2-build-windows-amd64-cygwin\jdk8u40\2855\hotspot\src\share\vm\prims\jvm.cpp, line 1382]
Event: 1.086 Thread 0x0000000001e40800 Exception <a 'java/lang/ClassNotFoundException': org/apache/tools/ant/helper/DefaultExecutor> (0x00000000e1b02ae8) thrown at [D:\re\workspace\8-2-build-windows-amd64-cygwin\jdk8u40\2855\hotspot\src\share\vm\classfile\systemDictionary.cpp, line 210]
Event: 17.418 Thread 0x0000000001e40800 Exception <a 'java/io/FileNotFoundException'> (0x00000000e17f86a0) thrown at [D:\re\workspace\8-2-build-windows-amd64-cygwin\jdk8u40\2855\hotspot\src\share\vm\prims\jni.cpp, line 709]
Event: 17.420 Thread 0x0000000001e40800 Exception <a 'java/io/FileNotFoundException'> (0x00000000e1831888) thrown at [D:\re\workspace\8-2-build-windows-amd64-cygwin\jdk8u40\2855\hotspot\src\share\vm\prims\jni.cpp, line 709]

Events (10 events):
Event: 18.434 loading class org/w3c/dom/Node
Event: 18.435 loading class org/w3c/dom/Node done
Event: 18.435 loading class org/openide/filesystems/annotations/LayerGeneratingProcessor$1
Event: 18.435 loading class org/openide/filesystems/annotations/LayerGeneratingProcessor$1 done
Event: 18.436 loading class org/openide/filesystems/annotations/LayerGeneratingProcessor$2
Event: 18.436 loading class org/openide/filesystems/annotations/LayerGeneratingProcessor$2 done
Event: 18.437 loading class javax/annotation/processing/SupportedSourceVersion
Event: 18.437 loading class javax/annotation/processing/SupportedSourceVersion done
Event: 18.439 loading class org/openide/filesystems/MIMEResolver$Registration
Event: 18.439 loading class org/openide/filesystems/MIMEResolver$Registration done


Dynamic libraries:
0x00007ff7b2770000 - 0x00007ff7b27a7000 	C:\Program Files\Java\jdk1.8.0_40\bin\java.exe
0x00007ffe46630000 - 0x00007ffe467dc000 	C:\WINDOWS\SYSTEM32\ntdll.dll
0x00007ffe46070000 - 0x00007ffe461ae000 	C:\WINDOWS\system32\KERNEL32.DLL
0x00007ffe43950000 - 0x00007ffe43a65000 	C:\WINDOWS\system32\KERNELBASE.dll
0x00007ffe42320000 - 0x00007ffe423ae000 	C:\WINDOWS\system32\apphelp.dll
0x00007ffe3fc60000 - 0x00007ffe3fcb3000 	C:\WINDOWS\AppPatch\AppPatch64\AcGenral.DLL
0x00007ffe440d0000 - 0x00007ffe4417a000 	C:\WINDOWS\system32\msvcrt.dll
0x00007ffe43540000 - 0x00007ffe4356e000 	C:\WINDOWS\SYSTEM32\SspiCli.dll
0x00007ffe46010000 - 0x00007ffe46064000 	C:\WINDOWS\system32\SHLWAPI.dll
0x00007ffe45e70000 - 0x00007ffe45fe7000 	C:\WINDOWS\system32\USER32.dll
0x00007ffe44750000 - 0x00007ffe448e4000 	C:\WINDOWS\system32\ole32.dll
0x00007ffe448f0000 - 0x00007ffe45e08000 	C:\WINDOWS\system32\SHELL32.dll
0x00007ffe42d20000 - 0x00007ffe42d41000 	C:\WINDOWS\SYSTEM32\USERENV.dll
0x00007ffe44020000 - 0x00007ffe440ca000 	C:\WINDOWS\system32\ADVAPI32.dll
0x00007ffe38b80000 - 0x00007ffe38b9e000 	C:\WINDOWS\SYSTEM32\MPR.dll
0x00007ffe463d0000 - 0x00007ffe46511000 	C:\WINDOWS\system32\RPCRT4.dll
0x00007ffe465d0000 - 0x00007ffe46629000 	C:\WINDOWS\SYSTEM32\sechost.dll
0x00007ffe461b0000 - 0x00007ffe463c1000 	C:\WINDOWS\SYSTEM32\combase.dll
0x00007ffe445f0000 - 0x00007ffe44741000 	C:\WINDOWS\system32\GDI32.dll
0x00007ffe43780000 - 0x00007ffe43795000 	C:\WINDOWS\SYSTEM32\profapi.dll
0x00007ffe41b00000 - 0x00007ffe41bb2000 	C:\WINDOWS\SYSTEM32\SHCORE.dll
0x00007ffe46520000 - 0x00007ffe46556000 	C:\WINDOWS\system32\IMM32.DLL
0x00007ffe43cb0000 - 0x00007ffe43e02000 	C:\WINDOWS\system32\MSCTF.dll
0x00007ffe40460000 - 0x00007ffe406db000 	C:\WINDOWS\WinSxS\amd64_microsoft.windows.common-controls_6595b64144ccf1df_6.0.9600.17784_none_624760d1ecb7236e\COMCTL32.dll
0x0000000070780000 - 0x0000000070852000 	C:\Program Files\Java\jdk1.8.0_40\jre\bin\msvcr100.dll
0x0000000070860000 - 0x00000000710e3000 	C:\Program Files\Java\jdk1.8.0_40\jre\bin\server\jvm.dll
0x00007ffe38a30000 - 0x00007ffe38a39000 	C:\WINDOWS\SYSTEM32\WSOCK32.dll
0x00007ffe38a50000 - 0x00007ffe38a72000 	C:\WINDOWS\SYSTEM32\WINMM.dll
0x00007ffe41320000 - 0x00007ffe4132a000 	C:\WINDOWS\SYSTEM32\VERSION.dll
0x00007ffe46000000 - 0x00007ffe46007000 	C:\WINDOWS\system32\PSAPI.DLL
0x00007ffe45e10000 - 0x00007ffe45e6a000 	C:\WINDOWS\system32\WS2_32.dll
0x00007ffe389f0000 - 0x00007ffe38a1a000 	C:\WINDOWS\SYSTEM32\WINMMBASE.dll
0x00007ffe465c0000 - 0x00007ffe465c9000 	C:\WINDOWS\system32\NSI.dll
0x00007ffe43850000 - 0x00007ffe4389f000 	C:\WINDOWS\SYSTEM32\cfgmgr32.dll
0x00007ffe42570000 - 0x00007ffe42598000 	C:\WINDOWS\SYSTEM32\DEVOBJ.dll
0x00000000718f0000 - 0x00000000718ff000 	C:\Program Files\Java\jdk1.8.0_40\jre\bin\verify.dll
0x0000000070710000 - 0x0000000070739000 	C:\Program Files\Java\jdk1.8.0_40\jre\bin\java.dll
0x00000000718d0000 - 0x00000000718e6000 	C:\Program Files\Java\jdk1.8.0_40\jre\bin\zip.dll

VM Arguments:
jvm_args: -Dant.home=C:\ant 
java_command: org.apache.tools.ant.launch.Launcher -cp C:\Program Files\Java\jdk1.8.0_40\lib;.; deployi
java_class_path (initial): C:\ant\lib\ant-launcher.jar
Launcher Type: SUN_STANDARD

Environment Variables:
JAVA_HOME=C:\Program Files\Java\jdk1.8.0_40
CLASSPATH=C:\Program Files\Java\jdk1.8.0_40\lib;.;
PATH=C:\Python27\;C:\Program Files (x86)\Intel\iCLS Client\;C:\Program Files\Intel\iCLS Client\;C:\ProgramData\Oracle\Java\javapath;C:\WINDOWS\system32;C:\WINDOWS;C:\WINDOWS\System32\Wbem;C:\WINDOWS\System32\WindowsPowerShell\v1.0\;C:\Program Files (x86)\Skype\Phone\;C:\Program Files (x86)\ATI Technologies\ATI.ACE\Core-Static;C:\Program Files\Java\jdk1.8.0_40\bin;C:\Program Files\Intel\Intel(R) Management Engine Components\DAL;C:\Program Files\Intel\Intel(R) Management Engine Components\IPT;C:\Program Files (x86)\Intel\Intel(R) Management Engine Components\DAL;C:\Program Files (x86)\Intel\Intel(R) Management Engine Components\IPT;C:\Program Files (x86)\Windows Live\Shared;C:\Program Files\MySQL\MySQL Server 5.1\bin;C:\ant\bin;C:\Program Files\TortoiseSVN\bin;C:\Program Files (x86)\Git\cmd;C:\svn\bin;C:\oraclexe\app\oracle\product\11.2.0\server\;C:\Ruby193\bin;C:\Users\Maciel\AppData\Local\Code\bin
USERNAME=Maciel
OS=Windows_NT
PROCESSOR_IDENTIFIER=Intel64 Family 6 Model 58 Stepping 9, GenuineIntel



---------------  S Y S T E M  ---------------

OS: Windows 8.1 , 64 bit Build 9600 (6.3.9600.17415)

CPU:total 4 (2 cores per cpu, 2 threads per core) family 6 model 58 stepping 9, cmov, cx8, fxsr, mmx, sse, sse2, sse3, ssse3, sse4.1, sse4.2, popcnt, avx, aes, clmul, erms, ht, tsc, tscinvbit, tscinv

Memory: 4k page, physical 6163928k(827188k free), swap 9309656k(5092k free)

vm_info: Java HotSpot(TM) 64-Bit Server VM (25.40-b25) for windows-amd64 JRE (1.8.0_40-b25), built on Feb 10 2015 21:53:57 by "java_re" with MS VC++ 10.0 (VS2010)

time: Mon May 25 00:23:31 2015
elapsed time: 18 seconds (0d 0h 0m 18s)

